C51 COMPILER V9.05   HX711                                                                 10/20/2016 17:30:25 PAGE 1   


C51 COMPILER V9.05, COMPILATION OF MODULE HX711
OBJECT MODULE PLACED IN hx711.OBJ
COMPILER INVOKED BY: d:\Keil\C51\BIN\C51.EXE hx711.c BROWSE DEBUG OBJECTEXTEND

line level    source

   1          #include "hx711.h"
   2          
   3          void HX711_Init(void)
   4          {
   5   1      
   6   1      }
   7          unsigned int HX711_Read(void)
   8          {
   9   1      
  10   1      }
*** WARNING C173 IN LINE 10 OF hx711.c: missing return-expression
*** WARNING C290 IN LINE 10 OF hx711.c: missing return value


MODULE INFORMATION:   STATIC OVERLAYABLE
   CODE SIZE        =      2    ----
   CONSTANT SIZE    =   ----    ----
   XDATA SIZE       =   ----    ----
   PDATA SIZE       =   ----    ----
   DATA SIZE        =   ----    ----
   IDATA SIZE       =   ----    ----
   BIT SIZE         =   ----    ----
END OF MODULE INFORMATION.


C51 COMPILATION COMPLETE.  2 WARNING(S),  0 ERROR(S)
