C51 COMPILER V9.05   LED                                                                   10/20/2016 17:30:25 PAGE 1   


C51 COMPILER V9.05, COMPILATION OF MODULE LED
OBJECT MODULE PLACED IN led.OBJ
COMPILER INVOKED BY: d:\Keil\C51\BIN\C51.EXE led.c BROWSE DEBUG OBJECTEXTEND

line level    source

   1          #include "led.h"
   2          
   3          //led1开启
   4          void led1_on()
   5          {
   6   1              led1=0;
   7   1      }
   8          //led1关闭
   9          void led1_off()
  10          {
  11   1              led1=1;
  12   1      }
  13          void led1_on_off()
  14          {
  15   1              led1=~led1;
  16   1      }
  17          //led2开启
  18          void led2_on()
  19          {
  20   1              led2=0;
  21   1      }
  22          //led2关闭
  23          void led2_off()
  24          {
  25   1              led2=1;
  26   1      }
  27          void led2_on_off()
  28          {
  29   1              led2=~led2;
  30   1      }


MODULE INFORMATION:   STATIC OVERLAYABLE
   CODE SIZE        =     18    ----
   CONSTANT SIZE    =   ----    ----
   XDATA SIZE       =   ----    ----
   PDATA SIZE       =   ----    ----
   DATA SIZE        =   ----    ----
   IDATA SIZE       =   ----    ----
   BIT SIZE         =   ----    ----
END OF MODULE INFORMATION.


C51 COMPILATION COMPLETE.  0 WARNING(S),  0 ERROR(S)
