C51 COMPILER V9.05   SHUMASHOW                                                             10/20/2016 17:30:24 PAGE 1   


C51 COMPILER V9.05, COMPILATION OF MODULE SHUMASHOW
OBJECT MODULE PLACED IN ShuMaShow.OBJ
COMPILER INVOKED BY: d:\Keil\C51\BIN\C51.EXE ShuMaShow.c BROWSE DEBUG OBJECTEXTEND

line level    source

   1          //-------------------------------------
   2          //-数码(管共阳极)，驱动程序模块 
   3          //--------------------------------------
   4          //注释添加时间：2014年11月13日
   5          #include "shumashow.h"
   6          
   7          //不带小数点的数码管取值数组(0-9)
   8          unsigned char code Tab[]={0xc0,0xf9,0xa4,0xb0,0x99,0x92,0x82,0xf8,0x80,0x90};
   9          //带小数点的数码管取值数组(0.-9.)
  10          unsigned char code Tab_Dot[]={0x40,0x79,0x24,0x30,0x19,0x12,0x02,0x78,0x00,0x10};
  11          
  12          //内部延时函数，放置与外面冲突，定义成static
  13          static void delay(unsigned int x)
  14          {
  15   1              unsigned int i,j;
  16   1              for(i=0;i<x;i++)
  17   1                      for(j=0;j<100;j++);
  18   1      }
  19          //--------------------------------
  20          //-数码管显示函数，
  21          //参数一:unsigned int Second,要显示的秒变量
  22          //参数二:unsigned int show_delay,数码管内部显示延时，不宜过大，也不宜过小
  23          //--------------------------------
  24          void ShuMaShow(unsigned int num,unsigned int show_delay)
  25          {
  26   1              
  27   1              DIG1=0;DIG2=0;DIG3=1; //个位
  28   1              P1=Tab[num%10];
  29   1              delay(show_delay);
  30   1              
  31   1              DIG1=0;DIG2=1;DIG3=0;//十位
  32   1              P1=Tab[num/10%10];
  33   1              delay(show_delay);
  34   1              
  35   1              DIG1=1;DIG2=0;DIG3=0;//百位
  36   1              P1=Tab[num/100%10];
  37   1              delay(show_delay);      
  38   1      }


MODULE INFORMATION:   STATIC OVERLAYABLE
   CODE SIZE        =    139    ----
   CONSTANT SIZE    =     20    ----
   XDATA SIZE       =   ----    ----
   PDATA SIZE       =   ----    ----
   DATA SIZE        =   ----       4
   IDATA SIZE       =   ----    ----
   BIT SIZE         =   ----    ----
END OF MODULE INFORMATION.


C51 COMPILATION COMPLETE.  0 WARNING(S),  0 ERROR(S)
